19-Aug-2025 11:19:14.811 INFO [main] org.apache.catalina.startup.VersionLoggerListener.log Server version name:   Apache Tomcat/11.0.10
19-Aug-2025 11:19:14.814 INFO [main] org.apache.catalina.startup.VersionLoggerListener.log Server built:          Jul 31 2025 16:29:14 UTC
19-Aug-2025 11:19:14.814 INFO [main] org.apache.catalina.startup.VersionLoggerListener.log Server version number: 11.0.10.0
19-Aug-2025 11:19:14.814 INFO [main] org.apache.catalina.startup.VersionLoggerListener.log OS Name:               Windows 11
19-Aug-2025 11:19:14.814 INFO [main] org.apache.catalina.startup.VersionLoggerListener.log OS Version:            10.0
19-Aug-2025 11:19:14.814 INFO [main] org.apache.catalina.startup.VersionLoggerListener.log Architecture:          amd64
19-Aug-2025 11:19:14.815 INFO [main] org.apache.catalina.startup.VersionLoggerListener.log Java Home:             C:\Program Files\Java\jdk-24
19-Aug-2025 11:19:14.815 INFO [main] org.apache.catalina.startup.VersionLoggerListener.log JVM Version:           24.0.1+9-30
19-Aug-2025 11:19:14.815 INFO [main] org.apache.catalina.startup.VersionLoggerListener.log JVM Vendor:            Oracle Corporation
19-Aug-2025 11:19:14.815 INFO [main] org.apache.catalina.startup.VersionLoggerListener.log CATALINA_BASE:         D:\Spark4.0\ServletLifeCycle
19-Aug-2025 11:19:14.815 INFO [main] org.apache.catalina.startup.VersionLoggerListener.log CATALINA_HOME:         D:\Spark4.0\apache-tomcat-11.0.10-windows-x64\apache-tomcat-11.0.10
19-Aug-2025 11:19:14.829 INFO [main] org.apache.catalina.startup.VersionLoggerListener.log Command line argument: --add-opens=java.base/java.lang=ALL-UNNAMED
19-Aug-2025 11:19:14.829 INFO [main] org.apache.catalina.startup.VersionLoggerListener.log Command line argument: --add-opens=java.base/java.io=ALL-UNNAMED
19-Aug-2025 11:19:14.829 INFO [main] org.apache.catalina.startup.VersionLoggerListener.log Command line argument: --add-opens=java.base/java.util=ALL-UNNAMED
19-Aug-2025 11:19:14.830 INFO [main] org.apache.catalina.startup.VersionLoggerListener.log Command line argument: --add-opens=java.base/java.util.concurrent=ALL-UNNAMED
19-Aug-2025 11:19:14.830 INFO [main] org.apache.catalina.startup.VersionLoggerListener.log Command line argument: --add-opens=java.rmi/sun.rmi.transport=ALL-UNNAMED
19-Aug-2025 11:19:14.830 INFO [main] org.apache.catalina.startup.VersionLoggerListener.log Command line argument: -Dcatalina.home=D:\Spark4.0\apache-tomcat-11.0.10-windows-x64\apache-tomcat-11.0.10
19-Aug-2025 11:19:14.830 INFO [main] org.apache.catalina.startup.VersionLoggerListener.log Command line argument: -Dcatalina.base=D:\Spark4.0\ServletLifeCycle
19-Aug-2025 11:19:14.830 INFO [main] org.apache.catalina.startup.VersionLoggerListener.log Command line argument: -Djava.io.tmpdir=D:\Spark4.0\ServletLifeCycle\temp
19-Aug-2025 11:19:14.831 INFO [main] org.apache.catalina.startup.VersionLoggerListener.log Command line argument: -Djava.util.logging.config.file=D:\Spark4.0\ServletLifeCycle\conf\logging.properties
19-Aug-2025 11:19:14.831 INFO [main] org.apache.catalina.startup.VersionLoggerListener.log Command line argument: -Djava.util.logging.manager=org.apache.juli.ClassLoaderLogManager
19-Aug-2025 11:19:14.831 INFO [main] org.apache.catalina.startup.VersionLoggerListener.log Command line argument: -javaagent:C:\Program Files\JetBrains\IntelliJ IDEA Community Edition 2025.1.3\lib\idea_rt.jar=57946
19-Aug-2025 11:19:14.831 INFO [main] org.apache.catalina.startup.VersionLoggerListener.log Command line argument: -Dfile.encoding=UTF-8
19-Aug-2025 11:19:14.832 INFO [main] org.apache.catalina.startup.VersionLoggerListener.log Command line argument: -Dsun.stdout.encoding=UTF-8
19-Aug-2025 11:19:14.832 INFO [main] org.apache.catalina.startup.VersionLoggerListener.log Command line argument: -Dsun.stderr.encoding=UTF-8
19-Aug-2025 11:19:14.837 INFO [main] org.apache.catalina.core.AprLifecycleListener.lifecycleEvent Loaded Apache Tomcat Native library [2.0.9] using APR version [1.7.6].
19-Aug-2025 11:19:14.845 INFO [main] org.apache.catalina.core.AprLifecycleListener.initializeSSL OpenSSL successfully initialized [OpenSSL 3.5.0 8 Apr 2025]
19-Aug-2025 11:19:15.187 INFO [main] org.apache.coyote.AbstractProtocol.init Initializing ProtocolHandler ["http-nio-8081"]
19-Aug-2025 11:19:15.204 INFO [main] org.apache.catalina.startup.Catalina.load Server initialization in [629] milliseconds
19-Aug-2025 11:19:15.262 INFO [main] org.apache.catalina.core.StandardService.startInternal Starting service [Catalina]
19-Aug-2025 11:19:15.263 INFO [main] org.apache.catalina.core.StandardEngine.startInternal Starting Servlet engine: [Apache Tomcat/11.0.10]
19-Aug-2025 11:19:15.273 INFO [main] org.apache.catalina.startup.HostConfig.deployDescriptor Deploying deployment descriptor [D:\Spark4.0\ServletLifeCycle\conf\Catalina\localhost\ServletLifeCycle.xml]
19-Aug-2025 11:19:15.735 INFO [main] org.apache.catalina.startup.HostConfig.deployDescriptor Deployment of deployment descriptor [D:\Spark4.0\ServletLifeCycle\conf\Catalina\localhost\ServletLifeCycle.xml] has finished in [461] ms
19-Aug-2025 11:19:15.739 INFO [main] org.apache.coyote.AbstractProtocol.start Starting ProtocolHandler ["http-nio-8081"]
19-Aug-2025 11:19:15.787 INFO [main] org.apache.catalina.startup.Catalina.start Server startup in [580] milliseconds
